<?xml version="1.0" encoding="UTF-8"?>
<testsuites name="jest tests" tests="14" failures="0" errors="0" time="1.614">
  <testsuite name="FeatureFlagsService - A/B Testing" errors="0" failures="0" skipped="0" timestamp="2026-03-04T03:35:03" time="0.813" tests="14">
    <testcase classname="FeatureFlagsService - A/B Testing › User ID-based hash grouping" name="should consistently assign the same user to the same group" time="0.011">
    </testcase>
    <testcase classname="FeatureFlagsService - A/B Testing › User ID-based hash grouping" name="should distribute users across rollout percentage" time="0.006">
    </testcase>
    <testcase classname="FeatureFlagsService - A/B Testing › A/B test variant assignment" name="should assign users to variants consistently" time="0.008">
    </testcase>
    <testcase classname="FeatureFlagsService - A/B Testing › A/B test variant assignment" name="should distribute users across variants" time="0.099">
    </testcase>
    <testcase classname="FeatureFlagsService - A/B Testing › A/B test variant assignment" name="should return null for users not in rollout" time="0.028">
    </testcase>
    <testcase classname="FeatureFlagsService - A/B Testing › A/B test variant assignment" name="should return null for disabled flags" time="0.004">
    </testcase>
    <testcase classname="FeatureFlagsService - A/B Testing › A/B test metrics collection" name="should track impression metrics" time="0.006">
    </testcase>
    <testcase classname="FeatureFlagsService - A/B Testing › A/B test metrics collection" name="should track interaction metrics" time="0.009">
    </testcase>
    <testcase classname="FeatureFlagsService - A/B Testing › A/B test metrics collection" name="should track conversion metrics" time="0.007">
    </testcase>
    <testcase classname="FeatureFlagsService - A/B Testing › A/B test metrics collection" name="should aggregate metrics across multiple users" time="0.018">
    </testcase>
    <testcase classname="FeatureFlagsService - A/B Testing › A/B test metrics collection" name="should clear metrics when requested" time="0.007">
    </testcase>
    <testcase classname="FeatureFlagsService - A/B Testing › Rollout percentage logic" name="should respect 0% rollout" time="0.005">
    </testcase>
    <testcase classname="FeatureFlagsService - A/B Testing › Rollout percentage logic" name="should respect 100% rollout" time="0.004">
    </testcase>
    <testcase classname="FeatureFlagsService - A/B Testing › Rollout percentage logic" name="should reject invalid rollout percentages" time="0.004">
    </testcase>
  </testsuite>
</testsuites>