<?xml version="1.0" encoding="UTF-8"?>
<testsuites name="jest tests" tests="64" failures="0" errors="0" time="2.609">
  <testsuite name="Property-Based Tests: Authentication Service" errors="0" failures="0" skipped="0" timestamp="2026-01-20T06:07:43" time="1.6" tests="17">
    <testcase classname="Property-Based Tests: Authentication Service › Property 1: Authentication URL Correctness" name="should always construct valid URLs from environment variables" time="0.697">
    </testcase>
    <testcase classname="Property-Based Tests: Authentication Service › Property 1: Authentication URL Correctness" name="should always produce consistent URLs for the same inputs" time="0.012">
    </testcase>
    <testcase classname="Property-Based Tests: Authentication Service › Property 1: Authentication URL Correctness" name="should handle various URL formats correctly" time="0.026">
    </testcase>
    <testcase classname="Property-Based Tests: Authentication Service › Property 2: Environment Variable Configuration" name="should always validate environment configuration consistently" time="0.025">
    </testcase>
    <testcase classname="Property-Based Tests: Authentication Service › Property 2: Environment Variable Configuration" name="should always prefer NEXT_PUBLIC_API_URL over BACKEND_URL" time="0.014">
    </testcase>
    <testcase classname="Property-Based Tests: Authentication Service › Property 2: Environment Variable Configuration" name="should always return a valid URL even with missing env vars" time="0.03">
    </testcase>
    <testcase classname="Property-Based Tests: Authentication Service › Property 4: Authentication Response Handling" name="should always handle successful authentication responses correctly" time="0.059">
    </testcase>
    <testcase classname="Property-Based Tests: Authentication Service › Property 4: Authentication Response Handling" name="should always throw appropriate errors for failed authentication" time="0.022">
    </testcase>
    <testcase classname="Property-Based Tests: Authentication Service › Property 5: Error Handling and Messaging" name="should always create valid error objects" time="0.03">
    </testcase>
    <testcase classname="Property-Based Tests: Authentication Service › Property 5: Error Handling and Messaging" name="should always return user-friendly error messages" time="0.026">
    </testcase>
    <testcase classname="Property-Based Tests: Authentication Service › Property 5: Error Handling and Messaging" name="should always handle any error type gracefully" time="0.022">
    </testcase>
    <testcase classname="Property-Based Tests: Authentication Service › Property 6: Development Logging" name="should log in development mode but not in production" time="0.014">
    </testcase>
    <testcase classname="Property-Based Tests: Authentication Service › Additional Property: Email Validation" name="should consistently validate email formats" time="0.013">
    </testcase>
    <testcase classname="Property-Based Tests: Authentication Service › Additional Property: Email Validation" name="should reject invalid email formats" time="0.007">
    </testcase>
    <testcase classname="Property-Based Tests: Authentication Service › Additional Property: Password Validation" name="should consistently validate password strength" time="0.02">
    </testcase>
    <testcase classname="Property-Based Tests: Authentication Service › Additional Property: Password Validation" name="should always return consistent error messages for weak passwords" time="0.038">
    </testcase>
    <testcase classname="Property-Based Tests: Authentication Service › Additional Property: Credentials Validation" name="should consistently validate complete credentials" time="0.027">
    </testcase>
  </testsuite>
  <testsuite name="Authentication Service" errors="0" failures="0" skipped="0" timestamp="2026-01-20T06:07:44" time="0.205" tests="47">
    <testcase classname="Authentication Service › Configuration › getBackendUrl" name="should return NEXT_PUBLIC_API_URL when set" time="0.002">
    </testcase>
    <testcase classname="Authentication Service › Configuration › getBackendUrl" name="should return BACKEND_URL when NEXT_PUBLIC_API_URL is not set" time="0.002">
    </testcase>
    <testcase classname="Authentication Service › Configuration › getBackendUrl" name="should return default localhost URL when no env vars are set" time="0.001">
    </testcase>
    <testcase classname="Authentication Service › Configuration › getBackendUrl" name="should prefer NEXT_PUBLIC_API_URL over BACKEND_URL" time="0.002">
    </testcase>
    <testcase classname="Authentication Service › Configuration › validateEnvironmentConfig" name="should return valid when all required env vars are set" time="0.008">
    </testcase>
    <testcase classname="Authentication Service › Configuration › validateEnvironmentConfig" name="should return error when NEXTAUTH_SECRET is missing" time="0.002">
    </testcase>
    <testcase classname="Authentication Service › Configuration › validateEnvironmentConfig" name="should return error when NEXTAUTH_SECRET is too short" time="0.001">
    </testcase>
    <testcase classname="Authentication Service › Configuration › validateEnvironmentConfig" name="should return error when NEXTAUTH_URL is missing" time="0.003">
    </testcase>
    <testcase classname="Authentication Service › Configuration › validateEnvironmentConfig" name="should return multiple errors when multiple configs are invalid" time="0.002">
    </testcase>
    <testcase classname="Authentication Service › URL Construction › getAuthUrl" name="should construct URL with backend URL and endpoint" time="0.003">
    </testcase>
    <testcase classname="Authentication Service › URL Construction › getAuthUrl" name="should handle backend URL with trailing slash" time="0.002">
    </testcase>
    <testcase classname="Authentication Service › URL Construction › getAuthUrl" name="should handle endpoint without leading slash" time="0.003">
    </testcase>
    <testcase classname="Authentication Service › URL Construction › getAuthUrl" name="should use default backend URL when not configured" time="0.002">
    </testcase>
    <testcase classname="Authentication Service › URL Construction › getLoginUrl" name="should return correct login endpoint URL" time="0.003">
    </testcase>
    <testcase classname="Authentication Service › URL Construction › getUserDetailsUrl" name="should return correct user details endpoint URL" time="0.002">
    </testcase>
    <testcase classname="Authentication Service › Authentication Operations › authenticateUser" name="should successfully authenticate user with valid credentials" time="0.003">
    </testcase>
    <testcase classname="Authentication Service › Authentication Operations › authenticateUser" name="should throw validation error when email is missing" time="0.002">
    </testcase>
    <testcase classname="Authentication Service › Authentication Operations › authenticateUser" name="should throw validation error when password is missing" time="0.003">
    </testcase>
    <testcase classname="Authentication Service › Authentication Operations › authenticateUser" name="should throw credentials error on 401 response" time="0.004">
    </testcase>
    <testcase classname="Authentication Service › Authentication Operations › authenticateUser" name="should throw server error on 500 response" time="0.002">
    </testcase>
    <testcase classname="Authentication Service › Authentication Operations › authenticateUser" name="should throw server error when access_token is missing" time="0.002">
    </testcase>
    <testcase classname="Authentication Service › Authentication Operations › authenticateUser" name="should throw server error when user details fetch fails" time="0.002">
    </testcase>
    <testcase classname="Authentication Service › Authentication Operations › authenticateUser" name="should throw network error on fetch failure" time="0.002">
    </testcase>
    <testcase classname="Authentication Service › Authentication Operations › authenticateUser" name="should use correct authorization header for user details request" time="0.002">
    </testcase>
    <testcase classname="Authentication Service › Error Handling › createAuthError" name="should create error with all properties" time="0.001">
    </testcase>
    <testcase classname="Authentication Service › Error Handling › createAuthError" name="should create error without optional properties" time="0.002">
    </testcase>
    <testcase classname="Authentication Service › Error Handling › getUserFriendlyErrorMessage" name="should return friendly message for configuration error" time="0.001">
    </testcase>
    <testcase classname="Authentication Service › Error Handling › getUserFriendlyErrorMessage" name="should return friendly message for network error" time="0.003">
    </testcase>
    <testcase classname="Authentication Service › Error Handling › getUserFriendlyErrorMessage" name="should return friendly message for credentials error" time="0.002">
    </testcase>
    <testcase classname="Authentication Service › Error Handling › getUserFriendlyErrorMessage" name="should return friendly message for server error" time="0.001">
    </testcase>
    <testcase classname="Authentication Service › Error Handling › getUserFriendlyErrorMessage" name="should return original message for validation error" time="0.003">
    </testcase>
    <testcase classname="Authentication Service › Error Handling › handleAuthError" name="should handle AuthError correctly" time="0.002">
    </testcase>
    <testcase classname="Authentication Service › Error Handling › handleAuthError" name="should convert regular Error to AuthError" time="0.004">
    </testcase>
    <testcase classname="Authentication Service › Error Handling › handleAuthError" name="should handle unknown error types" time="0.002">
    </testcase>
    <testcase classname="Authentication Service › Validation › isValidEmail" name="should validate correct email addresses" time="0.003">
    </testcase>
    <testcase classname="Authentication Service › Validation › isValidEmail" name="should reject invalid email addresses" time="0.002">
    </testcase>
    <testcase classname="Authentication Service › Validation › isValidPassword" name="should validate strong passwords" time="0.002">
    </testcase>
    <testcase classname="Authentication Service › Validation › isValidPassword" name="should reject password that is too short" time="0.003">
    </testcase>
    <testcase classname="Authentication Service › Validation › isValidPassword" name="should reject password without uppercase letter" time="0.001">
    </testcase>
    <testcase classname="Authentication Service › Validation › isValidPassword" name="should reject password without lowercase letter" time="0.003">
    </testcase>
    <testcase classname="Authentication Service › Validation › isValidPassword" name="should reject password without number" time="0.002">
    </testcase>
    <testcase classname="Authentication Service › Validation › isValidPassword" name="should return multiple errors for weak password" time="0.001">
    </testcase>
    <testcase classname="Authentication Service › Validation › validateCredentials" name="should validate correct credentials" time="0.002">
    </testcase>
    <testcase classname="Authentication Service › Validation › validateCredentials" name="should reject missing email" time="0.002">
    </testcase>
    <testcase classname="Authentication Service › Validation › validateCredentials" name="should reject invalid email format" time="0.002">
    </testcase>
    <testcase classname="Authentication Service › Validation › validateCredentials" name="should reject missing password" time="0.002">
    </testcase>
    <testcase classname="Authentication Service › Validation › validateCredentials" name="should return multiple errors for invalid credentials" time="0.002">
    </testcase>
  </testsuite>
</testsuites>